The system is: Windows - 10.0.19041 - AMD64
Compiling the C compiler identification source file "CMakeCCompilerId.c" succeeded.
Compiler: D:/Microsoft Visual Studio/2019/Community/VC/Tools/MSVC/14.27.29110/bin/Hostx86/x86/cl.exe 
Build flags: 
Id flags:  

The output was:
0
Microsoft (R) C/C++ Optimizing Compiler Version 19.27.29111 for x86
Copyright (C) Microsoft Corporation.  All rights reserved.

CMakeCCompilerId.c
Microsoft (R) Incremental Linker Version 14.27.29111.0
Copyright (C) Microsoft Corporation.  All rights reserved.

/out:CMakeCCompilerId.exe 
CMakeCCompilerId.obj 


Compilation of the C compiler identification source "CMakeCCompilerId.c" produced "CMakeCCompilerId.exe"

Compilation of the C compiler identification source "CMakeCCompilerId.c" produced "CMakeCCompilerId.obj"

The C compiler identification is MSVC, found in "E:/GitHub/CS50/Week 2/Vigenere/cmake-build-debug/CMakeFiles/3.17.3/CompilerIdC/CMakeCCompilerId.exe"

Determining if the C compiler works passed with the following output:
Change Dir: E:/GitHub/CS50/Week 2/Vigenere/cmake-build-debug/CMakeFiles/CMakeTmp

Run Build Command(s):nmake /nologo cmTC_2c50c\fast && 	"D:\Microsoft Visual Studio\2019\Community\VC\Tools\MSVC\14.27.29110\bin\HostX86\x86\nmake.exe"  -f CMakeFiles\cmTC_2c50c.dir\build.make /nologo -L                  CMakeFiles\cmTC_2c50c.dir\build
Building C object CMakeFiles/cmTC_2c50c.dir/testCCompiler.c.obj
	"D:\Microsoft Visual Studio\2019\Community\VC\Tools\MSVC\14.27.29110\bin\Hostx86\x86\cl.exe" @C:\Users\woosal\AppData\Local\Temp\nmB948.tmp
testCCompiler.c
Linking C executable cmTC_2c50c.exe
	D:\JetBrains\Toolbox\apps\CLion\ch-0\202.6948.80\bin\cmake\win\bin\cmake.exe -E vs_link_exe --intdir=CMakeFiles\cmTC_2c50c.dir --rc="D:\Windows Kits\10\bin\10.0.18362.0\x86\rc.exe" --mt="D:\Windows Kits\10\bin\10.0.18362.0\x86\mt.exe" --manifests  -- "D:\Microsoft Visual Studio\2019\Community\VC\Tools\MSVC\14.27.29110\bin\Hostx86\x86\link.exe" /nologo @CMakeFiles\cmTC_2c50c.dir\objects1.rsp @C:\Users\woosal\AppData\Local\Temp\nmBAB0.tmp



Detecting C compiler ABI info compiled with the following output:
Change Dir: E:/GitHub/CS50/Week 2/Vigenere/cmake-build-debug/CMakeFiles/CMakeTmp

Run Build Command(s):nmake /nologo cmTC_b55fa\fast && 	"D:\Microsoft Visual Studio\2019\Community\VC\Tools\MSVC\14.27.29110\bin\HostX86\x86\nmake.exe"  -f CMakeFiles\cmTC_b55fa.dir\build.make /nologo -L                  CMakeFiles\cmTC_b55fa.dir\build
Building C object CMakeFiles/cmTC_b55fa.dir/CMakeCCompilerABI.c.obj
	"D:\Microsoft Visual Studio\2019\Community\VC\Tools\MSVC\14.27.29110\bin\Hostx86\x86\cl.exe" @C:\Users\woosal\AppData\Local\Temp\nmC1F2.tmp
CMakeCCompilerABI.c
Linking C executable cmTC_b55fa.exe
	D:\JetBrains\Toolbox\apps\CLion\ch-0\202.6948.80\bin\cmake\win\bin\cmake.exe -E vs_link_exe --intdir=CMakeFiles\cmTC_b55fa.dir --rc="D:\Windows Kits\10\bin\10.0.18362.0\x86\rc.exe" --mt="D:\Windows Kits\10\bin\10.0.18362.0\x86\mt.exe" --manifests  -- "D:\Microsoft Visual Studio\2019\Community\VC\Tools\MSVC\14.27.29110\bin\Hostx86\x86\link.exe" /nologo @CMakeFiles\cmTC_b55fa.dir\objects1.rsp @C:\Users\woosal\AppData\Local\Temp\nmC251.tmp



