The system is: Windows - 10.0.18363 - AMD64
Compiling the C compiler identification source file "CMakeCCompilerId.c" succeeded.
Compiler: C:/Program Files (x86)/Microsoft Visual Studio/2019/Community/VC/Tools/MSVC/14.27.29110/bin/Hostx86/x86/cl.exe 
Build flags: 
Id flags:  

The output was:
0
Microsoft (R) C/C++ Optimizing Compiler Version 19.27.29111 for x86
Copyright (C) Microsoft Corporation.  All rights reserved.

CMakeCCompilerId.c
Microsoft (R) Incremental Linker Version 14.27.29111.0
Copyright (C) Microsoft Corporation.  All rights reserved.

/out:CMakeCCompilerId.exe 
CMakeCCompilerId.obj 


Compilation of the C compiler identification source "CMakeCCompilerId.c" produced "CMakeCCompilerId.exe"

Compilation of the C compiler identification source "CMakeCCompilerId.c" produced "CMakeCCompilerId.obj"

The C compiler identification is MSVC, found in "E:/GitHub/CS50/Week 1/Hello, World/cmake-build-debug/CMakeFiles/3.17.3/CompilerIdC/CMakeCCompilerId.exe"

Determining if the C compiler works passed with the following output:
Change Dir: E:/GitHub/CS50/Week 1/Hello, World/cmake-build-debug/CMakeFiles/CMakeTmp

Run Build Command(s):nmake /nologo cmTC_790a4\fast && 	"C:\Program Files (x86)\Microsoft Visual Studio\2019\Community\VC\Tools\MSVC\14.27.29110\bin\HostX86\x86\nmake.exe"  -f CMakeFiles\cmTC_790a4.dir\build.make /nologo -L                  CMakeFiles\cmTC_790a4.dir\build
Building C object CMakeFiles/cmTC_790a4.dir/testCCompiler.c.obj
	C:\PROGRA~2\MICROS~1\2019\COMMUN~1\VC\Tools\MSVC\1427~1.291\bin\Hostx86\x86\cl.exe @C:\Users\woosal\AppData\Local\Temp\nmDD85.tmp
testCCompiler.c
Linking C executable cmTC_790a4.exe
	C:\Users\woosal\AppData\Local\JetBrains\Toolbox\apps\CLion\ch-0\202.6397.106\bin\cmake\win\bin\cmake.exe -E vs_link_exe --intdir=CMakeFiles\cmTC_790a4.dir --rc=C:\PROGRA~2\WI3CF2~1\10\bin\100183~1.0\x86\rc.exe --mt=C:\PROGRA~2\WI3CF2~1\10\bin\100183~1.0\x86\mt.exe --manifests  -- C:\PROGRA~2\MICROS~1\2019\COMMUN~1\VC\Tools\MSVC\1427~1.291\bin\Hostx86\x86\link.exe /nologo @CMakeFiles\cmTC_790a4.dir\objects1.rsp @C:\Users\woosal\AppData\Local\Temp\nmDECE.tmp



Detecting C compiler ABI info compiled with the following output:
Change Dir: E:/GitHub/CS50/Week 1/Hello, World/cmake-build-debug/CMakeFiles/CMakeTmp

Run Build Command(s):nmake /nologo cmTC_55e5c\fast && 	"C:\Program Files (x86)\Microsoft Visual Studio\2019\Community\VC\Tools\MSVC\14.27.29110\bin\HostX86\x86\nmake.exe"  -f CMakeFiles\cmTC_55e5c.dir\build.make /nologo -L                  CMakeFiles\cmTC_55e5c.dir\build
Building C object CMakeFiles/cmTC_55e5c.dir/CMakeCCompilerABI.c.obj
	C:\PROGRA~2\MICROS~1\2019\COMMUN~1\VC\Tools\MSVC\1427~1.291\bin\Hostx86\x86\cl.exe @C:\Users\woosal\AppData\Local\Temp\nmE4C9.tmp
CMakeCCompilerABI.c
Linking C executable cmTC_55e5c.exe
	C:\Users\woosal\AppData\Local\JetBrains\Toolbox\apps\CLion\ch-0\202.6397.106\bin\cmake\win\bin\cmake.exe -E vs_link_exe --intdir=CMakeFiles\cmTC_55e5c.dir --rc=C:\PROGRA~2\WI3CF2~1\10\bin\100183~1.0\x86\rc.exe --mt=C:\PROGRA~2\WI3CF2~1\10\bin\100183~1.0\x86\mt.exe --manifests  -- C:\PROGRA~2\MICROS~1\2019\COMMUN~1\VC\Tools\MSVC\1427~1.291\bin\Hostx86\x86\link.exe /nologo @CMakeFiles\cmTC_55e5c.dir\objects1.rsp @C:\Users\woosal\AppData\Local\Temp\nmE508.tmp



